<?xml version="1.0" encoding="UTF-8"?>
<coverage generated="1781509210068" clover="3.2.0">
  <project timestamp="1781509210068" name="All files">
    <metrics statements="229" coveredstatements="229" conditionals="91" coveredconditionals="91" methods="23" coveredmethods="22" elements="343" coveredelements="342" complexity="0" loc="229" ncloc="229" packages="1" files="1" classes="1"/>
    <file name="ai-chat-embed.js" path="/Users/zhoumingle/Desktop/test/src/ai-chat-embed.js">
      <metrics statements="229" coveredstatements="229" conditionals="91" coveredconditionals="91" methods="23" coveredmethods="22"/>
      <line num="1" count="1" type="stmt"/>
      <line num="2" count="1" type="stmt"/>
      <line num="3" count="1" type="stmt"/>
      <line num="4" count="1" type="stmt"/>
      <line num="5" count="1" type="stmt"/>
      <line num="6" count="1" type="stmt"/>
      <line num="7" count="1" type="stmt"/>
      <line num="8" count="1" type="stmt"/>
      <line num="10" count="1" type="stmt"/>
      <line num="11" count="1" type="stmt"/>
      <line num="13" count="1" type="stmt"/>
      <line num="14" count="1" type="stmt"/>
      <line num="16" count="26" type="cond" truecount="1" falsecount="0"/>
      <line num="17" count="26" type="cond" truecount="2" falsecount="0"/>
      <line num="18" count="1" type="stmt"/>
      <line num="19" count="1" type="stmt"/>
      <line num="20" count="26" type="stmt"/>
      <line num="22" count="61" type="cond" truecount="1" falsecount="0"/>
      <line num="23" count="61" type="cond" truecount="1" falsecount="0"/>
      <line num="24" count="5" type="stmt"/>
      <line num="25" count="5" type="cond" truecount="1" falsecount="0"/>
      <line num="27" count="56" type="cond" truecount="1" falsecount="0"/>
      <line num="28" count="56" type="stmt"/>
      <line num="29" count="56" type="cond" truecount="1" falsecount="0"/>
      <line num="30" count="4" type="cond" truecount="1" falsecount="0"/>
      <line num="31" count="2" type="stmt"/>
      <line num="32" count="2" type="stmt"/>
      <line num="33" count="2" type="stmt"/>
      <line num="34" count="2" type="cond" truecount="1" falsecount="0"/>
      <line num="35" count="2" type="cond" truecount="1" falsecount="0"/>
      <line num="36" count="2" type="stmt"/>
      <line num="37" count="2" type="stmt"/>
      <line num="38" count="2" type="stmt"/>
      <line num="39" count="2" type="cond" truecount="1" falsecount="0"/>
      <line num="41" count="52" type="stmt"/>
      <line num="42" count="52" type="stmt"/>
      <line num="43" count="52" type="stmt"/>
      <line num="44" count="52" type="stmt"/>
      <line num="45" count="52" type="cond" truecount="1" falsecount="0"/>
      <line num="46" count="50" type="stmt"/>
      <line num="47" count="50" type="stmt"/>
      <line num="48" count="52" type="stmt"/>
      <line num="49" count="52" type="cond" truecount="1" falsecount="0"/>
      <line num="50" count="52" type="stmt"/>
      <line num="51" count="56" type="stmt"/>
      <line num="52" count="56" type="stmt"/>
      <line num="54" count="38" type="cond" truecount="1" falsecount="0"/>
      <line num="55" count="38" type="stmt"/>
      <line num="56" count="38" type="stmt"/>
      <line num="57" count="38" type="stmt"/>
      <line num="58" count="38" type="stmt"/>
      <line num="59" count="38" type="stmt"/>
      <line num="60" count="38" type="stmt"/>
      <line num="61" count="38" type="stmt"/>
      <line num="62" count="38" type="stmt"/>
      <line num="63" count="38" type="stmt"/>
      <line num="65" count="38" type="cond" truecount="1" falsecount="0"/>
      <line num="66" count="164" type="cond" truecount="2" falsecount="0"/>
      <line num="67" count="17" type="stmt"/>
      <line num="68" count="17" type="stmt"/>
      <line num="69" count="164" type="cond" truecount="1" falsecount="0"/>
      <line num="71" count="38" type="cond" truecount="1" falsecount="0"/>
      <line num="72" count="2" type="stmt"/>
      <line num="73" count="2" type="cond" truecount="1" falsecount="0"/>
      <line num="74" count="1" type="stmt"/>
      <line num="75" count="1" type="stmt"/>
      <line num="76" count="2" type="cond" truecount="1" falsecount="0"/>
      <line num="78" count="20" type="stmt"/>
      <line num="79" count="20" type="stmt"/>
      <line num="81" count="19" type="cond" truecount="1" falsecount="0"/>
      <line num="82" count="19" type="cond" truecount="2" falsecount="0"/>
      <line num="83" count="18" type="stmt"/>
      <line num="84" count="18" type="cond" truecount="1" falsecount="0"/>
      <line num="85" count="18" type="stmt"/>
      <line num="86" count="18" type="stmt"/>
      <line num="87" count="18" type="cond" truecount="1" falsecount="0"/>
      <line num="88" count="1" type="stmt"/>
      <line num="89" count="18" type="stmt"/>
      <line num="90" count="18" type="stmt"/>
      <line num="91" count="18" type="stmt"/>
      <line num="92" count="18" type="cond" truecount="1" falsecount="0"/>
      <line num="93" count="18" type="stmt"/>
      <line num="94" count="18" type="stmt"/>
      <line num="95" count="18" type="cond" truecount="1" falsecount="0"/>
      <line num="96" count="18" type="stmt"/>
      <line num="97" count="19" type="stmt"/>
      <line num="99" count="23" type="cond" truecount="1" falsecount="0"/>
      <line num="100" count="23" type="cond" truecount="2" falsecount="0"/>
      <line num="102" count="22" type="cond" truecount="1" falsecount="0"/>
      <line num="103" count="22" type="cond" truecount="3" falsecount="0"/>
      <line num="104" count="20" type="cond" truecount="3" falsecount="0"/>
      <line num="105" count="19" type="stmt"/>
      <line num="107" count="19" type="stmt"/>
      <line num="108" count="19" type="cond" truecount="1" falsecount="0"/>
      <line num="109" count="19" type="cond" truecount="1" falsecount="0"/>
      <line num="111" count="19" type="stmt"/>
      <line num="112" count="22" type="cond" truecount="4" falsecount="0"/>
      <line num="113" count="1" type="stmt"/>
      <line num="114" count="1" type="cond" truecount="1" falsecount="0"/>
      <line num="116" count="22" type="cond" truecount="1" falsecount="0"/>
      <line num="117" count="22" type="cond" truecount="2" falsecount="0"/>
      <line num="118" count="1" type="stmt"/>
      <line num="119" count="1" type="cond" truecount="1" falsecount="0"/>
      <line num="120" count="22" type="cond" truecount="1" falsecount="0"/>
      <line num="121" count="1" type="stmt"/>
      <line num="122" count="1" type="cond" truecount="1" falsecount="0"/>
      <line num="124" count="16" type="stmt"/>
      <line num="125" count="22" type="stmt"/>
      <line num="127" count="22" type="stmt"/>
      <line num="128" count="22" type="stmt"/>
      <line num="130" count="17" type="cond" truecount="1" falsecount="0"/>
      <line num="131" count="17" type="cond" truecount="2" falsecount="0"/>
      <line num="133" count="17" type="cond" truecount="1" falsecount="0"/>
      <line num="134" count="2" type="stmt"/>
      <line num="135" count="2" type="cond" truecount="1" falsecount="0"/>
      <line num="136" count="1" type="stmt"/>
      <line num="137" count="1" type="stmt"/>
      <line num="139" count="17" type="cond" truecount="1" falsecount="0"/>
      <line num="141" count="1" type="stmt"/>
      <line num="142" count="1" type="stmt"/>
      <line num="144" count="17" type="cond" truecount="1" falsecount="0"/>
      <line num="145" count="17" type="stmt"/>
      <line num="146" count="17" type="stmt"/>
      <line num="147" count="17" type="stmt"/>
      <line num="148" count="17" type="stmt"/>
      <line num="150" count="17" type="cond" truecount="1" falsecount="0"/>
      <line num="151" count="13" type="stmt"/>
      <line num="152" count="13" type="stmt"/>
      <line num="153" count="13" type="stmt"/>
      <line num="154" count="13" type="stmt"/>
      <line num="155" count="17" type="cond" truecount="2" falsecount="0"/>
      <line num="156" count="1" type="stmt"/>
      <line num="157" count="1" type="cond" truecount="1" falsecount="0"/>
      <line num="159" count="15" type="stmt"/>
      <line num="160" count="15" type="stmt"/>
      <line num="162" count="16" type="cond" truecount="1" falsecount="0"/>
      <line num="163" count="16" type="stmt"/>
      <line num="164" count="16" type="stmt"/>
      <line num="165" count="16" type="stmt"/>
      <line num="166" count="16" type="stmt"/>
      <line num="167" count="16" type="stmt"/>
      <line num="168" count="16" type="stmt"/>
      <line num="169" count="16" type="stmt"/>
      <line num="170" count="16" type="stmt"/>
      <line num="171" count="16" type="stmt"/>
      <line num="173" count="1" type="stmt"/>
      <line num="174" count="1" type="stmt"/>
      <line num="175" count="1" type="stmt"/>
      <line num="176" count="1" type="stmt"/>
      <line num="177" count="1" type="stmt"/>
      <line num="178" count="1" type="stmt"/>
      <line num="179" count="1" type="stmt"/>
      <line num="180" count="1" type="stmt"/>
      <line num="181" count="1" type="stmt"/>
      <line num="182" count="26" type="cond" truecount="1" falsecount="0"/>
      <line num="183" count="26" type="stmt"/>
      <line num="185" count="26" type="cond" truecount="1" falsecount="0"/>
      <line num="186" count="26" type="cond" truecount="2" falsecount="0"/>
      <line num="187" count="1" type="stmt"/>
      <line num="188" count="1" type="cond" truecount="1" falsecount="0"/>
      <line num="190" count="24" type="stmt"/>
      <line num="191" count="26" type="cond" truecount="2" falsecount="0"/>
      <line num="193" count="26" type="stmt"/>
      <line num="194" count="26" type="stmt"/>
      <line num="195" count="26" type="stmt"/>
      <line num="196" count="26" type="stmt"/>
      <line num="197" count="26" type="stmt"/>
      <line num="198" count="26" type="stmt"/>
      <line num="200" count="26" type="stmt"/>
      <line num="202" count="26" type="cond" truecount="1" falsecount="0"/>
      <line num="203" count="1" type="stmt"/>
      <line num="204" count="1" type="cond" truecount="1" falsecount="0"/>
      <line num="206" count="23" type="cond" truecount="1" falsecount="0"/>
      <line num="207" count="17" type="stmt"/>
      <line num="209" count="17" type="stmt"/>
      <line num="211" count="26" type="cond" truecount="2" falsecount="0"/>
      <line num="213" count="26" type="stmt"/>
      <line num="214" count="26" type="stmt"/>
      <line num="215" count="26" type="cond" truecount="1" falsecount="0"/>
      <line num="216" count="15" type="stmt"/>
      <line num="217" count="15" type="stmt"/>
      <line num="218" count="26" type="stmt"/>
      <line num="220" count="26" type="cond" truecount="1" falsecount="0"/>
      <line num="221" count="15" type="stmt"/>
      <line num="222" count="15" type="stmt"/>
      <line num="224" count="15" type="stmt"/>
      <line num="226" count="15" type="stmt"/>
      <line num="227" count="15" type="cond" truecount="1" falsecount="0"/>
      <line num="228" count="2" type="cond" truecount="1" falsecount="0"/>
      <line num="229" count="1" type="stmt"/>
      <line num="230" count="15" type="stmt"/>
      <line num="231" count="15" type="cond" truecount="1" falsecount="0"/>
      <line num="232" count="16" type="cond" truecount="2" falsecount="0"/>
      <line num="233" count="15" type="stmt"/>
      <line num="234" count="16" type="cond" truecount="2" falsecount="0"/>
      <line num="235" count="13" type="stmt"/>
      <line num="236" count="13" type="cond" truecount="1" falsecount="0"/>
      <line num="237" count="15" type="stmt"/>
      <line num="238" count="15" type="stmt"/>
      <line num="239" count="16" type="cond" truecount="1" falsecount="0"/>
      <line num="240" count="14" type="stmt"/>
      <line num="241" count="14" type="stmt"/>
      <line num="242" count="16" type="stmt"/>
      <line num="243" count="15" type="stmt"/>
      <line num="245" count="15" type="stmt"/>
      <line num="247" count="15" type="stmt"/>
      <line num="248" count="15" type="stmt"/>
      <line num="250" count="1" type="stmt"/>
      <line num="251" count="1" type="stmt"/>
      <line num="252" count="1" type="stmt"/>
      <line num="253" count="1" type="stmt"/>
      <line num="254" count="2" type="cond" truecount="1" falsecount="0"/>
      <line num="255" count="2" type="cond" truecount="1" falsecount="0"/>
      <line num="256" count="2" type="cond" truecount="1" falsecount="0"/>
      <line num="257" count="1" type="stmt"/>
      <line num="258" count="1" type="stmt"/>
      <line num="260" count="1" type="stmt"/>
      <line num="261" count="1" type="stmt"/>
      <line num="262" count="1" type="stmt"/>
      <line num="263" count="1" type="stmt"/>
      <line num="264" count="1" type="cond" truecount="1" falsecount="0"/>
      <line num="265" count="1" type="stmt"/>
      <line num="266" count="1" type="stmt"/>
      <line num="267" count="1" type="stmt"/>
      <line num="269" count="1" type="stmt"/>
      <line num="271" count="1" type="stmt"/>
      <line num="272" count="1" type="stmt"/>
      <line num="273" count="1" type="stmt"/>
      <line num="275" count="1" type="stmt"/>
    </file>
  </project>
</coverage>
